{"D:\\Home\\Escritorio\\Proyectos\\React\\crud-productos\\rest-api\\src\\router.ts": {"path":"D:\\Home\\Escritorio\\Proyectos\\React\\crud-productos\\rest-api\\src\\router.ts","statementMap":{"0":{"start":{"line":1,"column":0},"end":{"line":1,"column":32}},"1":{"start":{"line":2,"column":0},"end":{"line":2,"column":null}},"2":{"start":{"line":10,"column":0},"end":{"line":10,"column":65}},"3":{"start":{"line":11,"column":0},"end":{"line":11,"column":48}},"4":{"start":{"line":13,"column":15},"end":{"line":13,"column":23}},"5":{"start":{"line":15,"column":0},"end":{"line":15,"column":null}},"6":{"start":{"line":16,"column":0},"end":{"line":23,"column":null}},"7":{"start":{"line":21,"column":4},"end":{"line":21,"column":null}},"8":{"start":{"line":25,"column":0},"end":{"line":46,"column":null}},"9":{"start":{"line":37,"column":23},"end":{"line":37,"column":32}},"10":{"start":{"line":44,"column":4},"end":{"line":44,"column":null}},"11":{"start":{"line":47,"column":0},"end":{"line":54,"column":null}},"12":{"start":{"line":52,"column":4},"end":{"line":52,"column":null}},"13":{"start":{"line":56,"column":0},"end":{"line":75,"column":null}},"14":{"start":{"line":68,"column":23},"end":{"line":68,"column":32}},"15":{"start":{"line":77,"column":0},"end":{"line":84,"column":null}},"16":{"start":{"line":82,"column":4},"end":{"line":82,"column":null}},"17":{"start":{"line":86,"column":0},"end":{"line":86,"column":null}}},"fnMap":{"0":{"name":"(anonymous_0)","decl":{"start":{"line":20,"column":2},"end":{"line":20,"column":3}},"loc":{"start":{"line":20,"column":15},"end":{"line":22,"column":3}}},"1":{"name":"(anonymous_1)","decl":{"start":{"line":37,"column":12},"end":{"line":37,"column":13}},"loc":{"start":{"line":37,"column":23},"end":{"line":37,"column":32}}},"2":{"name":"(anonymous_2)","decl":{"start":{"line":43,"column":2},"end":{"line":43,"column":3}},"loc":{"start":{"line":43,"column":15},"end":{"line":45,"column":3}}},"3":{"name":"(anonymous_3)","decl":{"start":{"line":51,"column":2},"end":{"line":51,"column":3}},"loc":{"start":{"line":51,"column":15},"end":{"line":53,"column":3}}},"4":{"name":"(anonymous_4)","decl":{"start":{"line":68,"column":12},"end":{"line":68,"column":13}},"loc":{"start":{"line":68,"column":23},"end":{"line":68,"column":32}}},"5":{"name":"(anonymous_5)","decl":{"start":{"line":81,"column":2},"end":{"line":81,"column":3}},"loc":{"start":{"line":81,"column":15},"end":{"line":83,"column":3}}}},"branchMap":{},"s":{"0":2,"1":2,"2":2,"3":2,"4":2,"5":2,"6":2,"7":2,"8":2,"9":5,"10":2,"11":2,"12":2,"13":2,"14":4,"15":2,"16":2,"17":2},"f":{"0":2,"1":5,"2":2,"3":2,"4":4,"5":2},"b":{}}
,"D:\\Home\\Escritorio\\Proyectos\\React\\crud-productos\\rest-api\\src\\server.ts": {"path":"D:\\Home\\Escritorio\\Proyectos\\React\\crud-productos\\rest-api\\src\\server.ts","statementMap":{"0":{"start":{"line":8,"column":0},"end":{"line":8,"column":7}},"1":{"start":{"line":1,"column":0},"end":{"line":1,"column":29}},"2":{"start":{"line":2,"column":0},"end":{"line":2,"column":29}},"3":{"start":{"line":3,"column":0},"end":{"line":3,"column":28}},"4":{"start":{"line":4,"column":0},"end":{"line":4,"column":27}},"5":{"start":{"line":9,"column":2},"end":{"line":16,"column":3}},"6":{"start":{"line":10,"column":4},"end":{"line":10,"column":null}},"7":{"start":{"line":11,"column":4},"end":{"line":11,"column":null}},"8":{"start":{"line":14,"column":4},"end":{"line":14,"column":null}},"9":{"start":{"line":15,"column":4},"end":{"line":15,"column":null}},"10":{"start":{"line":19,"column":0},"end":{"line":19,"column":null}},"11":{"start":{"line":22,"column":15},"end":{"line":22,"column":24}},"12":{"start":{"line":25,"column":0},"end":{"line":25,"column":null}},"13":{"start":{"line":27,"column":0},"end":{"line":27,"column":null}},"14":{"start":{"line":29,"column":0},"end":{"line":29,"column":null}}},"fnMap":{"0":{"name":"connectDB","decl":{"start":{"line":8,"column":22},"end":{"line":8,"column":31}},"loc":{"start":{"line":8,"column":31},"end":{"line":17,"column":1}}}},"branchMap":{},"s":{"0":2,"1":2,"2":2,"3":2,"4":2,"5":3,"6":3,"7":2,"8":1,"9":1,"10":2,"11":2,"12":2,"13":2,"14":2},"f":{"0":3},"b":{}}
,"D:\\Home\\Escritorio\\Proyectos\\React\\crud-productos\\rest-api\\src\\config\\db.ts": {"path":"D:\\Home\\Escritorio\\Proyectos\\React\\crud-productos\\rest-api\\src\\config\\db.ts","statementMap":{"0":{"start":{"line":1,"column":0},"end":{"line":1,"column":48}},"1":{"start":{"line":2,"column":0},"end":{"line":2,"column":27}},"2":{"start":{"line":3,"column":0},"end":{"line":3,"column":null}},"3":{"start":{"line":5,"column":11},"end":{"line":13,"column":null}},"4":{"start":{"line":16,"column":0},"end":{"line":16,"column":null}}},"fnMap":{},"branchMap":{},"s":{"0":2,"1":2,"2":2,"3":2,"4":2},"f":{},"b":{}}
,"D:\\Home\\Escritorio\\Proyectos\\React\\crud-productos\\rest-api\\src\\handlers\\product.ts": {"path":"D:\\Home\\Escritorio\\Proyectos\\React\\crud-productos\\rest-api\\src\\handlers\\product.ts","statementMap":{"0":{"start":{"line":3,"column":0},"end":{"line":3,"column":45}},"1":{"start":{"line":5,"column":27},"end":{"line":11,"column":1}},"2":{"start":{"line":6,"column":19},"end":{"line":9,"column":4}},"3":{"start":{"line":10,"column":2},"end":{"line":10,"column":null}},"4":{"start":{"line":5,"column":13},"end":{"line":5,"column":27}},"5":{"start":{"line":12,"column":30},"end":{"line":19,"column":1}},"6":{"start":{"line":13,"column":17},"end":{"line":13,"column":27}},"7":{"start":{"line":14,"column":18},"end":{"line":14,"column":44}},"8":{"start":{"line":15,"column":2},"end":{"line":17,"column":3}},"9":{"start":{"line":16,"column":4},"end":{"line":16,"column":null}},"10":{"start":{"line":18,"column":2},"end":{"line":18,"column":null}},"11":{"start":{"line":12,"column":13},"end":{"line":12,"column":30}},"12":{"start":{"line":20,"column":29},"end":{"line":31,"column":1}},"13":{"start":{"line":21,"column":17},"end":{"line":21,"column":27}},"14":{"start":{"line":22,"column":18},"end":{"line":22,"column":44}},"15":{"start":{"line":23,"column":2},"end":{"line":25,"column":3}},"16":{"start":{"line":24,"column":4},"end":{"line":24,"column":null}},"17":{"start":{"line":27,"column":2},"end":{"line":27,"column":null}},"18":{"start":{"line":28,"column":2},"end":{"line":28,"column":null}},"19":{"start":{"line":30,"column":2},"end":{"line":30,"column":null}},"20":{"start":{"line":20,"column":13},"end":{"line":20,"column":29}},"21":{"start":{"line":33,"column":33},"end":{"line":44,"column":1}},"22":{"start":{"line":34,"column":17},"end":{"line":34,"column":27}},"23":{"start":{"line":35,"column":18},"end":{"line":35,"column":44}},"24":{"start":{"line":36,"column":2},"end":{"line":38,"column":3}},"25":{"start":{"line":37,"column":4},"end":{"line":37,"column":null}},"26":{"start":{"line":40,"column":2},"end":{"line":40,"column":null}},"27":{"start":{"line":41,"column":2},"end":{"line":41,"column":null}},"28":{"start":{"line":43,"column":2},"end":{"line":43,"column":null}},"29":{"start":{"line":33,"column":13},"end":{"line":33,"column":33}},"30":{"start":{"line":46,"column":29},"end":{"line":49,"column":1}},"31":{"start":{"line":47,"column":18},"end":{"line":47,"column":48}},"32":{"start":{"line":48,"column":2},"end":{"line":48,"column":null}},"33":{"start":{"line":46,"column":13},"end":{"line":46,"column":29}},"34":{"start":{"line":51,"column":29},"end":{"line":61,"column":1}},"35":{"start":{"line":52,"column":17},"end":{"line":52,"column":27}},"36":{"start":{"line":53,"column":18},"end":{"line":53,"column":44}},"37":{"start":{"line":54,"column":2},"end":{"line":56,"column":3}},"38":{"start":{"line":55,"column":4},"end":{"line":55,"column":null}},"39":{"start":{"line":58,"column":2},"end":{"line":58,"column":null}},"40":{"start":{"line":60,"column":2},"end":{"line":60,"column":null}},"41":{"start":{"line":51,"column":13},"end":{"line":51,"column":29}}},"fnMap":{"0":{"name":"(anonymous_1)","decl":{"start":{"line":5,"column":27},"end":{"line":5,"column":32}},"loc":{"start":{"line":5,"column":65},"end":{"line":11,"column":1}}},"1":{"name":"(anonymous_2)","decl":{"start":{"line":12,"column":30},"end":{"line":12,"column":35}},"loc":{"start":{"line":12,"column":68},"end":{"line":19,"column":1}}},"2":{"name":"(anonymous_3)","decl":{"start":{"line":20,"column":29},"end":{"line":20,"column":34}},"loc":{"start":{"line":20,"column":67},"end":{"line":31,"column":1}}},"3":{"name":"(anonymous_4)","decl":{"start":{"line":33,"column":33},"end":{"line":33,"column":38}},"loc":{"start":{"line":33,"column":71},"end":{"line":44,"column":1}}},"4":{"name":"(anonymous_5)","decl":{"start":{"line":46,"column":29},"end":{"line":46,"column":34}},"loc":{"start":{"line":46,"column":67},"end":{"line":49,"column":1}}},"5":{"name":"(anonymous_6)","decl":{"start":{"line":51,"column":29},"end":{"line":51,"column":34}},"loc":{"start":{"line":51,"column":67},"end":{"line":61,"column":1}}}},"branchMap":{"0":{"loc":{"start":{"line":15,"column":2},"end":{"line":17,"column":3}},"type":"if","locations":[{"start":{"line":15,"column":2},"end":{"line":17,"column":3}}]},"1":{"loc":{"start":{"line":23,"column":2},"end":{"line":25,"column":3}},"type":"if","locations":[{"start":{"line":23,"column":2},"end":{"line":25,"column":3}}]},"2":{"loc":{"start":{"line":36,"column":2},"end":{"line":38,"column":3}},"type":"if","locations":[{"start":{"line":36,"column":2},"end":{"line":38,"column":3}}]},"3":{"loc":{"start":{"line":54,"column":2},"end":{"line":56,"column":3}},"type":"if","locations":[{"start":{"line":54,"column":2},"end":{"line":56,"column":3}}]}},"s":{"0":2,"1":2,"2":2,"3":2,"4":2,"5":2,"6":2,"7":2,"8":2,"9":1,"10":1,"11":2,"12":2,"13":2,"14":2,"15":2,"16":1,"17":1,"18":1,"19":1,"20":2,"21":2,"22":2,"23":2,"24":2,"25":1,"26":1,"27":1,"28":1,"29":2,"30":2,"31":2,"32":2,"33":2,"34":2,"35":2,"36":2,"37":2,"38":1,"39":1,"40":1,"41":2},"f":{"0":2,"1":2,"2":2,"3":2,"4":2,"5":2},"b":{"0":[1],"1":[1],"2":[1],"3":[1]}}
,"D:\\Home\\Escritorio\\Proyectos\\React\\crud-productos\\rest-api\\src\\middleware\\index.ts": {"path":"D:\\Home\\Escritorio\\Proyectos\\React\\crud-productos\\rest-api\\src\\middleware\\index.ts","statementMap":{"0":{"start":{"line":2,"column":0},"end":{"line":2,"column":52}},"1":{"start":{"line":3,"column":33},"end":{"line":19,"column":1}},"2":{"start":{"line":8,"column":15},"end":{"line":8,"column":36}},"3":{"start":{"line":12,"column":2},"end":{"line":15,"column":3}},"4":{"start":{"line":13,"column":4},"end":{"line":13,"column":null}},"5":{"start":{"line":14,"column":4},"end":{"line":14,"column":10}},"6":{"start":{"line":17,"column":2},"end":{"line":17,"column":null}},"7":{"start":{"line":18,"column":2},"end":{"line":18,"column":8}},"8":{"start":{"line":3,"column":13},"end":{"line":3,"column":33}}},"fnMap":{"0":{"name":"(anonymous_0)","decl":{"start":{"line":3,"column":33},"end":{"line":3,"column":null}},"loc":{"start":{"line":7,"column":19},"end":{"line":19,"column":1}}}},"branchMap":{"0":{"loc":{"start":{"line":12,"column":2},"end":{"line":15,"column":3}},"type":"if","locations":[{"start":{"line":12,"column":2},"end":{"line":15,"column":3}}]}},"s":{"0":2,"1":2,"2":17,"3":17,"4":7,"5":7,"6":10,"7":10,"8":2},"f":{"0":17},"b":{"0":[7]}}
,"D:\\Home\\Escritorio\\Proyectos\\React\\crud-productos\\rest-api\\src\\models\\Product.model.ts": {"path":"D:\\Home\\Escritorio\\Proyectos\\React\\crud-productos\\rest-api\\src\\models\\Product.model.ts","statementMap":{"0":{"start":{"line":1,"column":0},"end":{"line":1,"column":78}},"1":{"start":{"line":6,"column":0},"end":{"line":21,"column":null}},"2":{"start":{"line":10,"column":10},"end":{"line":10,"column":null}},"3":{"start":{"line":15,"column":10},"end":{"line":15,"column":null}},"4":{"start":{"line":20,"column":10},"end":{"line":20,"column":null}},"5":{"start":{"line":6,"column":6},"end":{"line":21,"column":null}},"6":{"start":{"line":23,"column":0},"end":{"line":23,"column":null}}},"fnMap":{},"branchMap":{},"s":{"0":3,"1":3,"2":3,"3":3,"4":3,"5":3,"6":3},"f":{},"b":{}}
}
