TN:
SF:src\router.ts
FN:20,(anonymous_0)
FN:37,(anonymous_1)
FN:43,(anonymous_2)
FN:51,(anonymous_3)
FN:68,(anonymous_4)
FN:81,(anonymous_5)
FNF:6
FNH:6
FNDA:2,(anonymous_0)
FNDA:5,(anonymous_1)
FNDA:2,(anonymous_2)
FNDA:2,(anonymous_3)
FNDA:3,(anonymous_4)
FNDA:2,(anonymous_5)
DA:1,2
DA:2,2
DA:10,2
DA:11,2
DA:13,2
DA:15,2
DA:16,2
DA:21,2
DA:25,2
DA:37,5
DA:44,2
DA:47,2
DA:52,2
DA:56,2
DA:68,3
DA:77,2
DA:82,2
DA:86,2
LF:18
LH:18
BRF:0
BRH:0
end_of_record
TN:
SF:src\server.ts
FN:8,connectDB
FN:29,(anonymous_2)
FNF:2
FNH:2
FNDA:2,connectDB
FNDA:1,(anonymous_2)
DA:1,2
DA:2,2
DA:3,2
DA:4,2
DA:9,2
DA:10,2
DA:11,1
DA:14,0
DA:15,0
DA:19,2
DA:22,2
DA:25,2
DA:27,2
DA:29,2
DA:30,1
DA:33,2
LF:16
LH:14
BRF:0
BRH:0
end_of_record
TN:
SF:src\config\db.ts
FNF:0
FNH:0
DA:1,2
DA:2,2
DA:3,2
DA:5,2
DA:16,2
LF:5
LH:5
BRF:0
BRH:0
end_of_record
TN:
SF:src\handlers\product.ts
FN:5,(anonymous_1)
FN:12,(anonymous_2)
FN:20,(anonymous_3)
FN:33,(anonymous_4)
FN:46,(anonymous_5)
FN:51,(anonymous_6)
FNF:6
FNH:6
FNDA:2,(anonymous_1)
FNDA:2,(anonymous_2)
FNDA:2,(anonymous_3)
FNDA:2,(anonymous_4)
FNDA:1,(anonymous_5)
FNDA:2,(anonymous_6)
DA:3,2
DA:5,2
DA:6,2
DA:10,2
DA:12,2
DA:13,2
DA:14,2
DA:15,2
DA:16,1
DA:18,1
DA:20,2
DA:21,2
DA:22,2
DA:23,2
DA:24,1
DA:27,1
DA:28,1
DA:30,1
DA:33,2
DA:34,2
DA:35,2
DA:36,2
DA:37,1
DA:40,1
DA:41,1
DA:43,1
DA:46,2
DA:47,1
DA:48,1
DA:51,2
DA:52,2
DA:53,2
DA:54,2
DA:55,1
DA:58,1
DA:60,1
LF:36
LH:36
BRDA:15,0,0,1
BRDA:23,1,0,1
BRDA:36,2,0,1
BRDA:54,3,0,1
BRF:4
BRH:4
end_of_record
TN:
SF:src\middleware\index.ts
FN:3,(anonymous_0)
FNF:1
FNH:1
FNDA:16,(anonymous_0)
DA:2,2
DA:3,2
DA:8,16
DA:12,16
DA:13,7
DA:14,7
DA:17,9
DA:18,9
LF:8
LH:8
BRDA:12,0,0,7
BRF:1
BRH:1
end_of_record
TN:
SF:src\models\Product.model.ts
FNF:0
FNH:0
DA:1,2
DA:6,2
DA:10,2
DA:15,2
DA:20,2
DA:23,2
LF:6
LH:6
BRF:0
BRH:0
end_of_record
